2026-05-27 12:49:31,589 | INFO     | SCADE-X              | 🚀 Initializing SCADE-X Run: SCADEX-29dba0d7
2026-05-27 12:49:31,589 | INFO     | SCADE-X              | === Starting Stage: Input Validation ===
2026-05-27 12:49:31,589 | INFO     | SCADE-X              | === Completed Stage: Input Validation (Duration: 0.00s) ===
2026-05-27 12:49:31,589 | INFO     | SCADE-X              | === Starting Stage: Environment Validation ===
2026-05-27 12:49:31,589 | INFO     | SCADE-X              | Starting automated environment dependency validation...
2026-05-27 12:49:32,872 | INFO     | SCADE-X              | ✅ All core environment dependencies are successfully validated.
2026-05-27 12:49:32,872 | INFO     | SCADE-X              | === Completed Stage: Environment Validation (Duration: 1.28s) ===
2026-05-27 12:49:32,872 | INFO     | SCADE-X              | === Starting Stage: ASTRA Execution ===
2026-05-27 12:49:32,914 | INFO     | SCADE-X              | === Completed Stage: ASTRA Execution (Duration: 0.04s) ===
2026-05-27 12:49:32,914 | INFO     | SCADE-X              | === Starting Stage: SCADE Execution ===
2026-05-27 12:49:33,822 | INFO     | SCADE-X              | === Completed Stage: SCADE Execution (Duration: 0.91s) ===
2026-05-27 12:49:33,822 | INFO     | SCADE-X              | === Starting Stage: Schema Normalization ===
2026-05-27 12:49:33,874 | INFO     | SCADE-X              | === Completed Stage: Schema Normalization (Duration: 0.05s) ===
2026-05-27 12:49:33,874 | INFO     | SCADE-X              | === Starting Stage: Resilience Intelligence ===
2026-05-27 12:49:36,304 | INFO     | SCADE-X              | === Completed Stage: Resilience Intelligence (Duration: 2.43s) ===
2026-05-27 12:49:36,304 | INFO     | SCADE-X              | === Starting Stage: Intelligence Fusion ===
2026-05-27 12:49:36,652 | INFO     | SCADE-X              | === Completed Stage: Intelligence Fusion (Duration: 0.35s) ===
2026-05-27 12:49:36,652 | INFO     | SCADE-X              | === Starting Stage: Explainability Generation ===
2026-05-27 12:49:37,415 | INFO     | SCADE-X              | === Completed Stage: Explainability Generation (Duration: 0.76s) ===
2026-05-27 12:49:37,415 | INFO     | SCADE-X              | === Starting Stage: Benchmarking ===
2026-05-27 12:49:38,987 | INFO     | SCADE-X              | === Completed Stage: Benchmarking (Duration: 1.57s) ===
2026-05-27 12:49:38,988 | INFO     | SCADE-X              | === Starting Stage: Artifact Export ===
2026-05-27 12:49:38,988 | INFO     | SCADE-X              | Exported scadex_final_intelligence.csv to final_intelligence/
2026-05-27 12:49:38,990 | INFO     | SCADE-X              | Exported resilience_intelligence.csv to resilience/
2026-05-27 12:49:38,991 | INFO     | SCADE-X              | Exported scadex_explanations.csv to explanations/
2026-05-27 12:49:38,991 | INFO     | SCADE-X              | Exported scadex_benchmark.csv to benchmark/
2026-05-27 12:49:38,992 | INFO     | SCADE-X              | === Completed Stage: Artifact Export (Duration: 0.00s) ===
2026-05-27 12:49:38,992 | INFO     | SCADE-X              | === SCADE-X Runtime Summary ===
2026-05-27 12:49:38,992 | INFO     | SCADE-X              | Stage: Input Validation     | Status: COMPLETED  | Time: 0.00s
2026-05-27 12:49:38,992 | INFO     | SCADE-X              | Stage: Environment Validation | Status: COMPLETED  | Time: 1.28s
2026-05-27 12:49:38,992 | INFO     | SCADE-X              | Stage: ASTRA Execution      | Status: COMPLETED  | Time: 0.04s
2026-05-27 12:49:38,992 | INFO     | SCADE-X              | Stage: SCADE Execution      | Status: COMPLETED  | Time: 0.91s
2026-05-27 12:49:38,992 | INFO     | SCADE-X              | Stage: Schema Normalization | Status: COMPLETED  | Time: 0.05s
2026-05-27 12:49:38,992 | INFO     | SCADE-X              | Stage: Resilience Intelligence | Status: COMPLETED  | Time: 2.43s
2026-05-27 12:49:38,992 | INFO     | SCADE-X              | Stage: Intelligence Fusion  | Status: COMPLETED  | Time: 0.35s
2026-05-27 12:49:38,992 | INFO     | SCADE-X              | Stage: Explainability Generation | Status: COMPLETED  | Time: 0.76s
2026-05-27 12:49:38,992 | INFO     | SCADE-X              | Stage: Benchmarking         | Status: COMPLETED  | Time: 1.57s
2026-05-27 12:49:38,992 | INFO     | SCADE-X              | Stage: Artifact Export      | Status: COMPLETED  | Time: 0.00s
2026-05-27 12:49:38,992 | INFO     | SCADE-X              | Total Pipeline Execution Time: 7.40s
2026-05-27 12:49:38,992 | INFO     | SCADE-X              | ✅ SCADE-X Pipeline Execution Completed Successfully.
