2026-05-27 12:54:00,717 | INFO     | SCADE-X              | 🚀 Initializing SCADE-X Run: SCADEX-0725f9e9
2026-05-27 12:54:00,717 | INFO     | SCADE-X              | === Starting Stage: Input Validation ===
2026-05-27 12:54:00,717 | INFO     | SCADE-X              | === Completed Stage: Input Validation (Duration: 0.00s) ===
2026-05-27 12:54:00,717 | INFO     | SCADE-X              | === Starting Stage: Environment Validation ===
2026-05-27 12:54:00,717 | INFO     | SCADE-X              | Starting automated environment dependency validation...
2026-05-27 12:54:02,027 | INFO     | SCADE-X              | ✅ All core environment dependencies are successfully validated.
2026-05-27 12:54:02,027 | INFO     | SCADE-X              | === Completed Stage: Environment Validation (Duration: 1.31s) ===
2026-05-27 12:54:02,027 | INFO     | SCADE-X              | === Starting Stage: ASTRA Execution ===
2026-05-27 12:54:02,065 | INFO     | SCADE-X              | === Completed Stage: ASTRA Execution (Duration: 0.04s) ===
2026-05-27 12:54:02,065 | INFO     | SCADE-X              | === Starting Stage: SCADE Execution ===
2026-05-27 12:54:02,960 | INFO     | SCADE-X              | === Completed Stage: SCADE Execution (Duration: 0.89s) ===
2026-05-27 12:54:02,960 | INFO     | SCADE-X              | === Starting Stage: Schema Normalization ===
2026-05-27 12:54:03,009 | INFO     | SCADE-X              | === Completed Stage: Schema Normalization (Duration: 0.05s) ===
2026-05-27 12:54:03,009 | INFO     | SCADE-X              | === Starting Stage: Resilience Intelligence ===
2026-05-27 12:54:05,429 | INFO     | SCADE-X              | === Completed Stage: Resilience Intelligence (Duration: 2.42s) ===
2026-05-27 12:54:05,429 | INFO     | SCADE-X              | === Starting Stage: Intelligence Fusion ===
2026-05-27 12:54:05,905 | INFO     | SCADE-X              | === Completed Stage: Intelligence Fusion (Duration: 0.48s) ===
2026-05-27 12:54:05,905 | INFO     | SCADE-X              | === Starting Stage: Explainability Generation ===
2026-05-27 12:54:06,726 | INFO     | SCADE-X              | === Completed Stage: Explainability Generation (Duration: 0.82s) ===
2026-05-27 12:54:06,726 | INFO     | SCADE-X              | === Starting Stage: Benchmarking ===
2026-05-27 12:54:08,289 | INFO     | SCADE-X              | === Completed Stage: Benchmarking (Duration: 1.56s) ===
2026-05-27 12:54:08,289 | INFO     | SCADE-X              | === Starting Stage: Artifact Export ===
2026-05-27 12:54:08,292 | INFO     | SCADE-X              | Exported scadex_final_intelligence.csv to final_intelligence/
2026-05-27 12:54:08,294 | INFO     | SCADE-X              | Exported resilience_intelligence.csv to resilience/
2026-05-27 12:54:08,295 | INFO     | SCADE-X              | Exported scadex_explanations.csv to explanations/
2026-05-27 12:54:08,295 | INFO     | SCADE-X              | Exported scadex_benchmark.csv to benchmark/
2026-05-27 12:54:08,295 | INFO     | SCADE-X              | === Completed Stage: Artifact Export (Duration: 0.01s) ===
2026-05-27 12:54:08,295 | INFO     | SCADE-X              | === SCADE-X Runtime Summary ===
2026-05-27 12:54:08,295 | INFO     | SCADE-X              | Stage: Input Validation     | Status: COMPLETED  | Time: 0.00s
2026-05-27 12:54:08,295 | INFO     | SCADE-X              | Stage: Environment Validation | Status: COMPLETED  | Time: 1.31s
2026-05-27 12:54:08,295 | INFO     | SCADE-X              | Stage: ASTRA Execution      | Status: COMPLETED  | Time: 0.04s
2026-05-27 12:54:08,295 | INFO     | SCADE-X              | Stage: SCADE Execution      | Status: COMPLETED  | Time: 0.89s
2026-05-27 12:54:08,295 | INFO     | SCADE-X              | Stage: Schema Normalization | Status: COMPLETED  | Time: 0.05s
2026-05-27 12:54:08,295 | INFO     | SCADE-X              | Stage: Resilience Intelligence | Status: COMPLETED  | Time: 2.42s
2026-05-27 12:54:08,295 | INFO     | SCADE-X              | Stage: Intelligence Fusion  | Status: COMPLETED  | Time: 0.48s
2026-05-27 12:54:08,295 | INFO     | SCADE-X              | Stage: Explainability Generation | Status: COMPLETED  | Time: 0.82s
2026-05-27 12:54:08,295 | INFO     | SCADE-X              | Stage: Benchmarking         | Status: COMPLETED  | Time: 1.56s
2026-05-27 12:54:08,295 | INFO     | SCADE-X              | Stage: Artifact Export      | Status: COMPLETED  | Time: 0.01s
2026-05-27 12:54:08,295 | INFO     | SCADE-X              | Total Pipeline Execution Time: 7.58s
2026-05-27 12:54:08,295 | INFO     | SCADE-X              | ✅ SCADE-X Pipeline Execution Completed Successfully.
