2026-05-27 19:08:10,769 | INFO     | SCADE-X              | 🚀 Initializing SCADE-X Run: SCADEX-97dba016
2026-05-27 19:08:10,770 | INFO     | SCADE-X              | === Starting Stage: Input Validation ===
2026-05-27 19:08:10,770 | INFO     | SCADE-X              | === Completed Stage: Input Validation (Duration: 0.00s) ===
2026-05-27 19:08:10,770 | INFO     | SCADE-X              | === Starting Stage: Environment Validation ===
2026-05-27 19:08:10,770 | INFO     | SCADE-X              | Starting automated environment dependency validation...
2026-05-27 19:08:14,561 | INFO     | SCADE-X              | ✅ All core environment dependencies are successfully validated.
2026-05-27 19:08:14,561 | INFO     | SCADE-X              | === Completed Stage: Environment Validation (Duration: 3.79s) ===
2026-05-27 19:08:14,561 | INFO     | SCADE-X              | === Starting Stage: ASTRA Execution ===
2026-05-27 19:08:14,610 | INFO     | SCADE-X              | === Completed Stage: ASTRA Execution (Duration: 0.05s) ===
2026-05-27 19:08:14,610 | INFO     | SCADE-X              | === Starting Stage: SCADE Execution ===
2026-05-27 19:08:15,714 | INFO     | SCADE-X              | === Completed Stage: SCADE Execution (Duration: 1.10s) ===
2026-05-27 19:08:15,714 | INFO     | SCADE-X              | === Starting Stage: Schema Normalization ===
2026-05-27 19:08:15,762 | INFO     | SCADE-X              | === Completed Stage: Schema Normalization (Duration: 0.05s) ===
2026-05-27 19:08:15,762 | INFO     | SCADE-X              | === Starting Stage: Resilience Intelligence ===
2026-05-27 19:08:18,295 | INFO     | SCADE-X              | === Completed Stage: Resilience Intelligence (Duration: 2.53s) ===
2026-05-27 19:08:18,295 | INFO     | SCADE-X              | === Starting Stage: Intelligence Fusion ===
2026-05-27 19:08:18,774 | INFO     | SCADE-X              | === Completed Stage: Intelligence Fusion (Duration: 0.48s) ===
2026-05-27 19:08:18,775 | INFO     | SCADE-X              | === Starting Stage: Explainability Generation ===
2026-05-27 19:08:19,556 | INFO     | SCADE-X              | === Completed Stage: Explainability Generation (Duration: 0.78s) ===
2026-05-27 19:08:19,556 | INFO     | SCADE-X              | === Starting Stage: Benchmarking ===
2026-05-27 19:08:21,153 | INFO     | SCADE-X              | === Completed Stage: Benchmarking (Duration: 1.60s) ===
2026-05-27 19:08:21,153 | INFO     | SCADE-X              | === Starting Stage: Artifact Export ===
2026-05-27 19:08:21,156 | INFO     | SCADE-X              | Exported scadex_final_intelligence.csv to final_intelligence/
2026-05-27 19:08:21,158 | INFO     | SCADE-X              | Exported resilience_intelligence.csv to resilience/
2026-05-27 19:08:21,160 | INFO     | SCADE-X              | Exported scadex_explanations.csv to explanations/
2026-05-27 19:08:21,161 | INFO     | SCADE-X              | Exported scadex_benchmark.csv to benchmark/
2026-05-27 19:08:21,161 | INFO     | SCADE-X              | === Completed Stage: Artifact Export (Duration: 0.01s) ===
2026-05-27 19:08:21,161 | INFO     | SCADE-X              | === SCADE-X Runtime Summary ===
2026-05-27 19:08:21,161 | INFO     | SCADE-X              | Stage: Input Validation     | Status: COMPLETED  | Time: 0.00s
2026-05-27 19:08:21,161 | INFO     | SCADE-X              | Stage: Environment Validation | Status: COMPLETED  | Time: 3.79s
2026-05-27 19:08:21,161 | INFO     | SCADE-X              | Stage: ASTRA Execution      | Status: COMPLETED  | Time: 0.05s
2026-05-27 19:08:21,161 | INFO     | SCADE-X              | Stage: SCADE Execution      | Status: COMPLETED  | Time: 1.10s
2026-05-27 19:08:21,161 | INFO     | SCADE-X              | Stage: Schema Normalization | Status: COMPLETED  | Time: 0.05s
2026-05-27 19:08:21,161 | INFO     | SCADE-X              | Stage: Resilience Intelligence | Status: COMPLETED  | Time: 2.53s
2026-05-27 19:08:21,161 | INFO     | SCADE-X              | Stage: Intelligence Fusion  | Status: COMPLETED  | Time: 0.48s
2026-05-27 19:08:21,161 | INFO     | SCADE-X              | Stage: Explainability Generation | Status: COMPLETED  | Time: 0.78s
2026-05-27 19:08:21,161 | INFO     | SCADE-X              | Stage: Benchmarking         | Status: COMPLETED  | Time: 1.60s
2026-05-27 19:08:21,161 | INFO     | SCADE-X              | Stage: Artifact Export      | Status: COMPLETED  | Time: 0.01s
2026-05-27 19:08:21,161 | INFO     | SCADE-X              | Total Pipeline Execution Time: 10.39s
2026-05-27 19:08:21,161 | INFO     | SCADE-X              | ✅ SCADE-X Pipeline Execution Completed Successfully.
